This file contains any messages produced by compilers while
running configure, to aid debugging if configure makes a mistake.

It was created by alexeictrl configure 0.7.1, which was
generated by GNU Autoconf 2.57.  Invocation command line was

  $ ./configure 

## --------- ##
## Platform. ##
## --------- ##

hostname = tank
uname -m = i586
uname -r = 2.4.20-xfs
uname -s = Linux
uname -v = #1 SMP Mit Mär 26 15:37:36 CET 2003

/usr/bin/uname -p = unknown
/bin/uname -X     = unknown

/bin/arch              = i586
/usr/bin/arch -k       = unknown
/usr/convex/getsysinfo = unknown
hostinfo               = unknown
/bin/machine           = unknown
/usr/bin/oslevel       = unknown
/bin/universe          = unknown

PATH: /sbin
PATH: /bin
PATH: /usr/sbin
PATH: /usr/bin
PATH: /usr/X11R6/bin
PATH: /usr/local/sbin
PATH: /usr/local/bin
PATH: /usr/games
PATH: /usr/gnome/bin
PATH: /home/chip/bin


## ----------- ##
## Core tests. ##
## ----------- ##

configure:1518: checking for a BSD-compatible install
configure:1572: result: /usr/bin/install -c
configure:1583: checking whether build environment is sane
configure:1626: result: yes
configure:1659: checking for gawk
configure:1675: found /usr/bin/gawk
configure:1685: result: gawk
configure:1695: checking whether make sets $(MAKE)
configure:1715: result: yes
configure:1957: checking build system type
configure:1975: result: i586-pc-linux-gnu
configure:1983: checking host system type
configure:1997: result: i586-pc-linux-gnu
configure:2017: checking for style of include used by make
configure:2045: result: GNU
configure:2116: checking for gcc
configure:2132: found /usr/bin/gcc
configure:2142: result: gcc
configure:2386: checking for C compiler version
configure:2389: gcc --version </dev/null >&5
gcc (GCC) 3.2.3 (Debian)
Copyright (C) 2002 Free Software Foundation, Inc.
This is free software; see the source for copying conditions.  There is NO
warranty; not even for MERCHANTABILITY or FITNESS FOR A PARTICULAR PURPOSE.

configure:2392: $? = 0
configure:2394: gcc -v </dev/null >&5
Reading specs from /usr/lib/gcc-lib/i386-linux/3.2.3/specs
Configured with: ../src/configure -v --enable-languages=c,c++,f77,objc,ada --prefix=/usr --mandir=/usr/share/man --infodir=/usr/share/info --with-gxx-include-dir=/usr/include/c++/3.2 --enable-shared --with-system-zlib --enable-nls --without-included-gettext --enable-__cxa_atexit --enable-clocale=gnu --enable-objc-gc i386-linux
Thread model: posix
gcc version 3.2.3 (Debian)
configure:2397: $? = 0
configure:2399: gcc -V </dev/null >&5
gcc: argument to `-V' is missing
configure:2402: $? = 1
configure:2426: checking for C compiler default output
configure:2429: gcc    conftest.c  >&5
configure:2432: $? = 0
configure:2478: result: a.out
configure:2483: checking whether the C compiler works
configure:2489: ./a.out
configure:2492: $? = 0
configure:2509: result: yes
configure:2516: checking whether we are cross compiling
configure:2518: result: no
configure:2521: checking for suffix of executables
configure:2523: gcc -o conftest    conftest.c  >&5
configure:2526: $? = 0
configure:2551: result: 
configure:2557: checking for suffix of object files
configure:2579: gcc -c   conftest.c >&5
configure:2582: $? = 0
configure:2604: result: o
configure:2608: checking whether we are using the GNU C compiler
configure:2633: gcc -c   conftest.c >&5
configure:2636: $? = 0
configure:2639: test -s conftest.o
configure:2642: $? = 0
configure:2655: result: yes
configure:2661: checking whether gcc accepts -g
configure:2683: gcc -c -g  conftest.c >&5
configure:2686: $? = 0
configure:2689: test -s conftest.o
configure:2692: $? = 0
configure:2703: result: yes
configure:2720: checking for gcc option to accept ANSI C
configure:2781: gcc  -c -g -O2  conftest.c >&5
configure:2784: $? = 0
configure:2787: test -s conftest.o
configure:2790: $? = 0
configure:2808: result: none needed
configure:2826: gcc -c -g -O2  conftest.c >&5
conftest.c:2: syntax error before "me"
configure:2829: $? = 1
configure: failed program was:
| #ifndef __cplusplus
|   choke me
| #endif
configure:2939: checking dependency style of gcc
configure:3022: result: gcc3
configure:3039: checking for a sed that does not truncate output
configure:3093: result: /bin/sed
configure:3096: checking for egrep
configure:3106: result: grep -E
configure:3122: checking for ld used by gcc
configure:3189: result: /usr/bin/ld
configure:3198: checking if the linker (/usr/bin/ld) is GNU ld
configure:3213: result: yes
configure:3218: checking for /usr/bin/ld option to reload object files
configure:3225: result: -r
configure:3234: checking for BSD-compatible nm
configure:3276: result: /usr/bin/nm -B
configure:3280: checking whether ln -s works
configure:3284: result: yes
configure:3291: checking how to recognise dependent libraries
configure:3493: result: pass_all
configure:3697: checking how to run the C preprocessor
configure:3733: gcc -E  conftest.c
configure:3739: $? = 0
configure:3771: gcc -E  conftest.c
configure:3772:28: ac_nonexistent.h: No such file or directory
configure:3777: $? = 1
configure: failed program was:
| #line 3762 "configure"
| /* confdefs.h.  */
| 
| #define PACKAGE_NAME "alexeictrl"
| #define PACKAGE_TARNAME "alexeictrl"
| #define PACKAGE_VERSION "0.7.1"
| #define PACKAGE_STRING "alexeictrl 0.7.1"
| #define PACKAGE_BUGREPORT "bytex64@yahoo.com"
| #define PACKAGE "alexeictrl"
| #define VERSION "0.7.1"
| /* end confdefs.h.  */
| #include <ac_nonexistent.h>
configure:3815: result: gcc -E
configure:3840: gcc -E  conftest.c
configure:3846: $? = 0
configure:3878: gcc -E  conftest.c
configure:3879:28: ac_nonexistent.h: No such file or directory
configure:3884: $? = 1
configure: failed program was:
| #line 3869 "configure"
| /* confdefs.h.  */
| 
| #define PACKAGE_NAME "alexeictrl"
| #define PACKAGE_TARNAME "alexeictrl"
| #define PACKAGE_VERSION "0.7.1"
| #define PACKAGE_STRING "alexeictrl 0.7.1"
| #define PACKAGE_BUGREPORT "bytex64@yahoo.com"
| #define PACKAGE "alexeictrl"
| #define VERSION "0.7.1"
| /* end confdefs.h.  */
| #include <ac_nonexistent.h>
configure:3927: checking for ANSI C header files
configure:3953: gcc -c -g -O2  conftest.c >&5
configure:3956: $? = 0
configure:3959: test -s conftest.o
configure:3962: $? = 0
configure:4051: gcc -o conftest -g -O2   conftest.c  >&5
configure:4054: $? = 0
configure:4056: ./conftest
configure:4059: $? = 0
configure:4074: result: yes
configure:4098: checking for sys/types.h
configure:4115: gcc -c -g -O2  conftest.c >&5
configure:4118: $? = 0
configure:4121: test -s conftest.o
configure:4124: $? = 0
configure:4135: result: yes
configure:4098: checking for sys/stat.h
configure:4115: gcc -c -g -O2  conftest.c >&5
configure:4118: $? = 0
configure:4121: test -s conftest.o
configure:4124: $? = 0
configure:4135: result: yes
configure:4098: checking for stdlib.h
configure:4115: gcc -c -g -O2  conftest.c >&5
configure:4118: $? = 0
configure:4121: test -s conftest.o
configure:4124: $? = 0
configure:4135: result: yes
configure:4098: checking for string.h
configure:4115: gcc -c -g -O2  conftest.c >&5
configure:4118: $? = 0
configure:4121: test -s conftest.o
configure:4124: $? = 0
configure:4135: result: yes
configure:4098: checking for memory.h
configure:4115: gcc -c -g -O2  conftest.c >&5
configure:4118: $? = 0
configure:4121: test -s conftest.o
configure:4124: $? = 0
configure:4135: result: yes
configure:4098: checking for strings.h
configure:4115: gcc -c -g -O2  conftest.c >&5
configure:4118: $? = 0
configure:4121: test -s conftest.o
configure:4124: $? = 0
configure:4135: result: yes
configure:4098: checking for inttypes.h
configure:4115: gcc -c -g -O2  conftest.c >&5
configure:4118: $? = 0
configure:4121: test -s conftest.o
configure:4124: $? = 0
configure:4135: result: yes
configure:4098: checking for stdint.h
configure:4115: gcc -c -g -O2  conftest.c >&5
configure:4118: $? = 0
configure:4121: test -s conftest.o
configure:4124: $? = 0
configure:4135: result: yes
configure:4098: checking for unistd.h
configure:4115: gcc -c -g -O2  conftest.c >&5
configure:4118: $? = 0
configure:4121: test -s conftest.o
configure:4124: $? = 0
configure:4135: result: yes
configure:4161: checking dlfcn.h usability
configure:4174: gcc -c -g -O2  conftest.c >&5
configure:4177: $? = 0
configure:4180: test -s conftest.o
configure:4183: $? = 0
configure:4193: result: yes
configure:4197: checking dlfcn.h presence
configure:4208: gcc -E  conftest.c
configure:4214: $? = 0
configure:4233: result: yes
configure:4269: checking for dlfcn.h
configure:4276: result: yes
configure:4341: checking for g++
configure:4357: found /usr/bin/g++
configure:4367: result: g++
configure:4383: checking for C++ compiler version
configure:4386: g++ --version </dev/null >&5
g++ (GCC) 3.2.3 (Debian)
Copyright (C) 2002 Free Software Foundation, Inc.
This is free software; see the source for copying conditions.  There is NO
warranty; not even for MERCHANTABILITY or FITNESS FOR A PARTICULAR PURPOSE.

configure:4389: $? = 0
configure:4391: g++ -v </dev/null >&5
Reading specs from /usr/lib/gcc-lib/i386-linux/3.2.3/specs
Configured with: ../src/configure -v --enable-languages=c,c++,f77,objc,ada --prefix=/usr --mandir=/usr/share/man --infodir=/usr/share/info --with-gxx-include-dir=/usr/include/c++/3.2 --enable-shared --with-system-zlib --enable-nls --without-included-gettext --enable-__cxa_atexit --enable-clocale=gnu --enable-objc-gc i386-linux
Thread model: posix
gcc version 3.2.3 (Debian)
configure:4394: $? = 0
configure:4396: g++ -V </dev/null >&5
g++: argument to `-V' missing

configure:4399: $? = 1
configure:4402: checking whether we are using the GNU C++ compiler
configure:4427: g++ -c   conftest.cc >&5
configure:4430: $? = 0
configure:4433: test -s conftest.o
configure:4436: $? = 0
configure:4449: result: yes
configure:4455: checking whether g++ accepts -g
configure:4477: g++ -c -g  conftest.cc >&5
configure:4480: $? = 0
configure:4483: test -s conftest.o
configure:4486: $? = 0
configure:4497: result: yes
configure:4540: g++ -c -g -O2  conftest.cc >&5
configure:4543: $? = 0
configure:4546: test -s conftest.o
configure:4549: $? = 0
configure:4576: g++ -c -g -O2  conftest.cc >&5
configure: In function `int main()':
configure:4584: `exit' undeclared (first use this function)
configure:4584: (Each undeclared identifier is reported only once for each 
   function it appears in.)
configure:4579: $? = 1
configure: failed program was:
| #line 4559 "configure"
| /* confdefs.h.  */
| 
| #define PACKAGE_NAME "alexeictrl"
| #define PACKAGE_TARNAME "alexeictrl"
| #define PACKAGE_VERSION "0.7.1"
| #define PACKAGE_STRING "alexeictrl 0.7.1"
| #define PACKAGE_BUGREPORT "bytex64@yahoo.com"
| #define PACKAGE "alexeictrl"
| #define VERSION "0.7.1"
| #define STDC_HEADERS 1
| #define HAVE_SYS_TYPES_H 1
| #define HAVE_SYS_STAT_H 1
| #define HAVE_STDLIB_H 1
| #define HAVE_STRING_H 1
| #define HAVE_MEMORY_H 1
| #define HAVE_STRINGS_H 1
| #define HAVE_INTTYPES_H 1
| #define HAVE_STDINT_H 1
| #define HAVE_UNISTD_H 1
| #define HAVE_DLFCN_H 1
| /* end confdefs.h.  */
| 
| int
| main ()
| {
| exit (42);
|   ;
|   return 0;
| }
configure:4540: g++ -c -g -O2  conftest.cc >&5
configure:4543: $? = 0
configure:4546: test -s conftest.o
configure:4549: $? = 0
configure:4576: g++ -c -g -O2  conftest.cc >&5
configure:4579: $? = 0
configure:4582: test -s conftest.o
configure:4585: $? = 0
configure:4610: checking dependency style of g++
configure:4693: result: gcc3
configure:4715: checking how to run the C++ preprocessor
configure:4747: g++ -E  conftest.cc
configure:4753: $? = 0
configure:4785: g++ -E  conftest.cc
configure:4800:28: ac_nonexistent.h: No such file or directory
configure:4791: $? = 1
configure: failed program was:
| #line 4776 "configure"
| /* confdefs.h.  */
| 
| #define PACKAGE_NAME "alexeictrl"
| #define PACKAGE_TARNAME "alexeictrl"
| #define PACKAGE_VERSION "0.7.1"
| #define PACKAGE_STRING "alexeictrl 0.7.1"
| #define PACKAGE_BUGREPORT "bytex64@yahoo.com"
| #define PACKAGE "alexeictrl"
| #define VERSION "0.7.1"
| #define STDC_HEADERS 1
| #define HAVE_SYS_TYPES_H 1
| #define HAVE_SYS_STAT_H 1
| #define HAVE_STDLIB_H 1
| #define HAVE_STRING_H 1
| #define HAVE_MEMORY_H 1
| #define HAVE_STRINGS_H 1
| #define HAVE_INTTYPES_H 1
| #define HAVE_STDINT_H 1
| #define HAVE_UNISTD_H 1
| #define HAVE_DLFCN_H 1
| #ifdef __cplusplus
| extern "C" void std::exit (int) throw (); using std::exit;
| #endif
| /* end confdefs.h.  */
| #include <ac_nonexistent.h>
configure:4829: result: g++ -E
configure:4854: g++ -E  conftest.cc
configure:4860: $? = 0
configure:4892: g++ -E  conftest.cc
configure:4907:28: ac_nonexistent.h: No such file or directory
configure:4898: $? = 1
configure: failed program was:
| #line 4883 "configure"
| /* confdefs.h.  */
| 
| #define PACKAGE_NAME "alexeictrl"
| #define PACKAGE_TARNAME "alexeictrl"
| #define PACKAGE_VERSION "0.7.1"
| #define PACKAGE_STRING "alexeictrl 0.7.1"
| #define PACKAGE_BUGREPORT "bytex64@yahoo.com"
| #define PACKAGE "alexeictrl"
| #define VERSION "0.7.1"
| #define STDC_HEADERS 1
| #define HAVE_SYS_TYPES_H 1
| #define HAVE_SYS_STAT_H 1
| #define HAVE_STDLIB_H 1
| #define HAVE_STRING_H 1
| #define HAVE_MEMORY_H 1
| #define HAVE_STRINGS_H 1
| #define HAVE_INTTYPES_H 1
| #define HAVE_STDINT_H 1
| #define HAVE_UNISTD_H 1
| #define HAVE_DLFCN_H 1
| #ifdef __cplusplus
| extern "C" void std::exit (int) throw (); using std::exit;
| #endif
| /* end confdefs.h.  */
| #include <ac_nonexistent.h>
configure:4992: checking for g77
configure:5021: result: no
configure:4992: checking for f77
configure:5021: result: no
configure:4992: checking for xlf
configure:5021: result: no
configure:4992: checking for frt
configure:5021: result: no
configure:4992: checking for pgf77
configure:5021: result: no
configure:4992: checking for fl32
configure:5021: result: no
configure:4992: checking for af77
configure:5021: result: no
configure:4992: checking for fort77
configure:5021: result: no
configure:4992: checking for f90
configure:5021: result: no
configure:4992: checking for xlf90
configure:5021: result: no
configure:4992: checking for pgf90
configure:5021: result: no
configure:4992: checking for epcf90
configure:5021: result: no
configure:4992: checking for f95
configure:5021: result: no
configure:4992: checking for fort
configure:5021: result: no
configure:4992: checking for xlf95
configure:5021: result: no
configure:4992: checking for lf95
configure:5021: result: no
configure:4992: checking for g95
configure:5021: result: no
configure:5036: checking for Fortran 77 compiler version
configure:5036:  --version </dev/null >&5
./configure: line 1: --version: command not found
configure:5039: $? = 127
configure:5041:  -v </dev/null >&5
./configure: line 1: -v: command not found
configure:5044: $? = 127
configure:5046:  -V </dev/null >&5
./configure: line 1: -V: command not found
configure:5049: $? = 127
configure:5056: checking whether we are using the GNU Fortran 77 compiler
configure:5070:  -c  conftest.F >&5
./configure: line 1: -c: command not found
configure:5073: $? = 127
configure: failed program was:
|       program main
| #ifndef __GNUC__
|        choke me
| #endif
| 
|       end
configure:5092: result: no
configure:5099: checking whether  accepts -g
configure:5111:  -c -g conftest.f >&5
./configure: line 1: -c: command not found
configure:5114: $? = 127
configure: failed program was:
|       program main
| 
|       end
configure:5132: result: no
configure:5160: checking the maximum length of command line arguments
configure:5225: result: 32768
configure:5236: checking command to parse /usr/bin/nm -B output from gcc object
configure:5325: gcc -c -g -O2  conftest.c >&5
configure:5328: $? = 0
configure:5332: /usr/bin/nm -B conftest.o \| sed -n -e 's/^.*[ 	]\([ABCDGIRSTW][ABCDGIRSTW]*\)[ 	][ 	]*\(\)\([_A-Za-z][_A-Za-z0-9]*\)$/\1 \2\3 \3/p' \> conftest.nm
configure:5335: $? = 0
configure:5387: gcc -o conftest -g -O2   conftest.c conftstm.o >&5
configure:5390: $? = 0
configure:5428: result: ok
configure:5432: checking for objdir
configure:5447: result: .libs
configure:5537: checking for ar
configure:5553: found /usr/bin/ar
configure:5564: result: ar
configure:5617: checking for ranlib
configure:5633: found /usr/bin/ranlib
configure:5644: result: ranlib
configure:5697: checking for strip
configure:5713: found /usr/bin/strip
configure:5724: result: strip
configure:5986: checking if gcc static flag  works
configure:6009: result: yes
configure:6027: checking if gcc supports -fno-rtti -fno-exceptions
configure:6048: gcc -c -g -O2  -fno-rtti -fno-exceptions conftest.c >&5
configure:6052: $? = 0
configure:6060: result: yes
configure:6075: checking for gcc option to produce PIC
configure:6252: result: -fPIC
configure:6260: checking if gcc PIC flag -fPIC works
configure:6281: gcc -c -g -O2  -fPIC -DPIC conftest.c >&5
configure:6285: $? = 0
configure:6293: result: yes
configure:6317: checking if gcc supports -c -o file.o
configure:6348: gcc -c -g -O2  -o out/conftest2.o conftest.c >&5
configure:6352: $? = 0
configure:6369: result: yes
configure:6395: checking whether the gcc linker (/usr/bin/ld) supports shared libraries
configure:7223: result: yes
configure:7249: checking whether -lc should be explicitly linked in
configure:7254: gcc -c -g -O2  conftest.c >&5
configure:7257: $? = 0
configure:7271: gcc -shared conftest.o  -v -Wl,-soname -Wl,conftest -o conftest 2\>\&1 \| grep  -lc  \>/dev/null 2\>\&1
configure:7274: $? = 0
configure:7286: result: no
configure:7294: checking dynamic linker characteristics
configure:7816: result: GNU/Linux ld.so
configure:7820: checking how to hardcode library paths into programs
configure:7845: result: immediate
configure:7859: checking whether stripping libraries is possible
configure:7864: result: yes
configure:8608: checking if libtool supports shared libraries
configure:8610: result: yes
configure:8613: checking whether to build shared libraries
configure:8671: result: yes
configure:8674: checking whether to build static libraries
configure:8678: result: yes
configure:8770: creating libtool
configure:9317: checking for ld used by g++
configure:9384: result: /usr/bin/ld
configure:9393: checking if the linker (/usr/bin/ld) is GNU ld
configure:9408: result: yes
configure:9459: checking whether the g++ linker (/usr/bin/ld) supports shared libraries
configure:10267: result: yes
configure:10285: g++ -c -g -O2  conftest.cc >&5
configure:10288: $? = 0
configure:10384: checking for g++ option to produce PIC
configure:10636: result: -fPIC
configure:10644: checking if g++ PIC flag -fPIC works
configure:10665: g++ -c -g -O2  -fPIC -DPIC conftest.cc >&5
configure:10669: $? = 0
configure:10677: result: yes
configure:10701: checking if g++ supports -c -o file.o
configure:10732: g++ -c -g -O2  -o out/conftest2.o conftest.cc >&5
configure:10736: $? = 0
configure:10753: result: yes
configure:10779: checking whether the g++ linker (/usr/bin/ld) supports shared libraries
configure:10804: result: yes
configure:10875: checking dynamic linker characteristics
configure:11397: result: GNU/Linux ld.so
configure:11401: checking how to hardcode library paths into programs
configure:11426: result: immediate
configure:11440: checking whether stripping libraries is possible
configure:11445: result: yes
configure:18493: checking for gcc
configure:18519: result: gcc
configure:18763: checking for C compiler version
configure:18766: gcc --version </dev/null >&5
gcc (GCC) 3.2.3 (Debian)
Copyright (C) 2002 Free Software Foundation, Inc.
This is free software; see the source for copying conditions.  There is NO
warranty; not even for MERCHANTABILITY or FITNESS FOR A PARTICULAR PURPOSE.

configure:18769: $? = 0
configure:18771: gcc -v </dev/null >&5
Reading specs from /usr/lib/gcc-lib/i386-linux/3.2.3/specs
Configured with: ../src/configure -v --enable-languages=c,c++,f77,objc,ada --prefix=/usr --mandir=/usr/share/man --infodir=/usr/share/info --with-gxx-include-dir=/usr/include/c++/3.2 --enable-shared --with-system-zlib --enable-nls --without-included-gettext --enable-__cxa_atexit --enable-clocale=gnu --enable-objc-gc i386-linux
Thread model: posix
gcc version 3.2.3 (Debian)
configure:18774: $? = 0
configure:18776: gcc -V </dev/null >&5
gcc: argument to `-V' is missing
configure:18779: $? = 1
configure:18782: checking whether we are using the GNU C compiler
configure:18829: result: yes
configure:18835: checking whether gcc accepts -g
configure:18877: result: yes
configure:18894: checking for gcc option to accept ANSI C
configure:18982: result: none needed
configure:19000: gcc -c -g -O2  conftest.c >&5
conftest.c:2: syntax error before "me"
configure:19003: $? = 1
configure: failed program was:
| #ifndef __cplusplus
|   choke me
| #endif
configure:19113: checking dependency style of gcc
configure:19196: result: gcc3
configure:19216: checking for initscr in -lncurses
configure:19247: gcc -o conftest -g -O2   conftest.c -lncurses   >&5
configure:19250: $? = 0
configure:19253: test -s conftest
configure:19256: $? = 0
configure:19268: result: yes
configure:19281: checking for ANSI C header files
configure:19428: result: yes
configure:19460: checking fcntl.h usability
configure:19473: gcc -c -g -O2  conftest.c >&5
configure:19476: $? = 0
configure:19479: test -s conftest.o
configure:19482: $? = 0
configure:19492: result: yes
configure:19496: checking fcntl.h presence
configure:19507: gcc -E  conftest.c
configure:19513: $? = 0
configure:19532: result: yes
configure:19568: checking for fcntl.h
configure:19575: result: yes
configure:19451: checking for stdint.h
configure:19456: result: yes
configure:19451: checking for stdlib.h
configure:19456: result: yes
configure:19451: checking for string.h
configure:19456: result: yes
configure:19460: checking sys/ioctl.h usability
configure:19473: gcc -c -g -O2  conftest.c >&5
configure:19476: $? = 0
configure:19479: test -s conftest.o
configure:19482: $? = 0
configure:19492: result: yes
configure:19496: checking sys/ioctl.h presence
configure:19507: gcc -E  conftest.c
configure:19513: $? = 0
configure:19532: result: yes
configure:19568: checking for sys/ioctl.h
configure:19575: result: yes
configure:19460: checking sys/time.h usability
configure:19473: gcc -c -g -O2  conftest.c >&5
configure:19476: $? = 0
configure:19479: test -s conftest.o
configure:19482: $? = 0
configure:19492: result: yes
configure:19496: checking sys/time.h presence
configure:19507: gcc -E  conftest.c
configure:19513: $? = 0
configure:19532: result: yes
configure:19568: checking for sys/time.h
configure:19575: result: yes
configure:19451: checking for unistd.h
configure:19456: result: yes
configure:19460: checking ncurses.h usability
configure:19473: gcc -c -g -O2  conftest.c >&5
configure:19476: $? = 0
configure:19479: test -s conftest.o
configure:19482: $? = 0
configure:19492: result: yes
configure:19496: checking ncurses.h presence
configure:19507: gcc -E  conftest.c
configure:19513: $? = 0
configure:19532: result: yes
configure:19568: checking for ncurses.h
configure:19575: result: yes
configure:19460: checking linux/joystick.h usability
configure:19473: gcc -c -g -O2  conftest.c >&5
configure:19476: $? = 0
configure:19479: test -s conftest.o
configure:19482: $? = 0
configure:19492: result: yes
configure:19496: checking linux/joystick.h presence
configure:19507: gcc -E  conftest.c
configure:19513: $? = 0
configure:19532: result: yes
configure:19568: checking for linux/joystick.h
configure:19575: result: yes
configure:19593: checking whether gcc needs -traditional
configure:19637: result: no
configure:19649: checking for stdlib.h
configure:19654: result: yes
configure:19786: checking for GNU libc compatible malloc
configure:19816: gcc -o conftest -g -O2   conftest.c -lncurses  >&5
configure:19819: $? = 0
configure:19821: ./conftest
configure:19824: $? = 0
configure:19838: result: yes
configure:19987: creating ./config.status

## ---------------------- ##
## Running config.status. ##
## ---------------------- ##

This file was extended by alexeictrl config.status 0.7.1, which was
generated by GNU Autoconf 2.57.  Invocation command line was

  CONFIG_FILES    = 
  CONFIG_HEADERS  = 
  CONFIG_LINKS    = 
  CONFIG_COMMANDS = 
  $ ./config.status 

on tank

config.status:682: creating Makefile
config.status:682: creating client/Makefile
config.status:682: creating libalexeictrl/Makefile
config.status:682: creating server/Makefile
config.status:682: creating tools/Makefile
config.status:682: creating tests/Makefile
config.status:786: creating config.h
config.status:919: config.h is unchanged
config.status:1041: executing depfiles commands

## ---------------- ##
## Cache variables. ##
## ---------------- ##

ac_cv_build=i586-pc-linux-gnu
ac_cv_build_alias=i586-pc-linux-gnu
ac_cv_c_compiler_gnu=yes
ac_cv_cxx_compiler_gnu=yes
ac_cv_env_CC_set=
ac_cv_env_CC_value=
ac_cv_env_CFLAGS_set=
ac_cv_env_CFLAGS_value=
ac_cv_env_CPPFLAGS_set=
ac_cv_env_CPPFLAGS_value=
ac_cv_env_CPP_set=
ac_cv_env_CPP_value=
ac_cv_env_CXXCPP_set=
ac_cv_env_CXXCPP_value=
ac_cv_env_CXXFLAGS_set=
ac_cv_env_CXXFLAGS_value=
ac_cv_env_CXX_set=
ac_cv_env_CXX_value=
ac_cv_env_F77_set=
ac_cv_env_F77_value=
ac_cv_env_FFLAGS_set=
ac_cv_env_FFLAGS_value=
ac_cv_env_LDFLAGS_set=
ac_cv_env_LDFLAGS_value=
ac_cv_env_build_alias_set=
ac_cv_env_build_alias_value=
ac_cv_env_host_alias_set=
ac_cv_env_host_alias_value=
ac_cv_env_target_alias_set=
ac_cv_env_target_alias_value=
ac_cv_exeext=
ac_cv_f77_compiler_gnu=no
ac_cv_func_malloc_0_nonnull=yes
ac_cv_header_dlfcn_h=yes
ac_cv_header_fcntl_h=yes
ac_cv_header_inttypes_h=yes
ac_cv_header_linux_joystick_h=yes
ac_cv_header_memory_h=yes
ac_cv_header_ncurses_h=yes
ac_cv_header_stdc=yes
ac_cv_header_stdint_h=yes
ac_cv_header_stdlib_h=yes
ac_cv_header_string_h=yes
ac_cv_header_strings_h=yes
ac_cv_header_sys_ioctl_h=yes
ac_cv_header_sys_stat_h=yes
ac_cv_header_sys_time_h=yes
ac_cv_header_sys_types_h=yes
ac_cv_header_unistd_h=yes
ac_cv_host=i586-pc-linux-gnu
ac_cv_host_alias=i586-pc-linux-gnu
ac_cv_lib_ncurses_initscr=yes
ac_cv_objext=o
ac_cv_path_install='/usr/bin/install -c'
ac_cv_prog_AWK=gawk
ac_cv_prog_CPP='gcc -E'
ac_cv_prog_CXXCPP='g++ -E'
ac_cv_prog_ac_ct_AR=ar
ac_cv_prog_ac_ct_CC=gcc
ac_cv_prog_ac_ct_CXX=g++
ac_cv_prog_ac_ct_RANLIB=ranlib
ac_cv_prog_ac_ct_STRIP=strip
ac_cv_prog_cc_g=yes
ac_cv_prog_cc_stdc=
ac_cv_prog_cxx_g=yes
ac_cv_prog_egrep='grep -E'
ac_cv_prog_f77_g=no
ac_cv_prog_gcc_traditional=no
ac_cv_prog_make_make_set=yes
am_cv_CC_dependencies_compiler_type=gcc3
am_cv_CXX_dependencies_compiler_type=gcc3
lt_cv_deplibs_check_method=pass_all
lt_cv_file_magic_cmd='$MAGIC_CMD'
lt_cv_file_magic_test_file='/lib/libc.so.5 /lib/libc.so.5.4.46 /lib/libc.so.6 /lib/libc-2.3.2.so'
lt_cv_ld_reload_flag=-r
lt_cv_objdir=.libs
lt_cv_path_LD=/usr/bin/ld
lt_cv_path_LDCXX=/usr/bin/ld
lt_cv_path_NM='/usr/bin/nm -B'
lt_cv_path_SED=/bin/sed
lt_cv_prog_compiler_c_o=yes
lt_cv_prog_compiler_c_o_CXX=yes
lt_cv_prog_compiler_rtti_exceptions=yes
lt_cv_prog_gnu_ld=yes
lt_cv_prog_gnu_ldcxx=yes
lt_cv_sys_global_symbol_pipe='sed -n -e '\''s/^.*[ 	]\([ABCDGIRSTW][ABCDGIRSTW]*\)[ 	][ 	]*\(\)\([_A-Za-z][_A-Za-z0-9]*\)$/\1 \2\3 \3/p'\'''
lt_cv_sys_global_symbol_to_c_name_address='sed -n -e '\''s/^: \([^ ]*\) $/  {\"\1\", (lt_ptr) 0},/p'\'' -e '\''s/^[BCDEGRST] \([^ ]*\) \([^ ]*\)$/  {"\2", (lt_ptr) \&\2},/p'\'''
lt_cv_sys_global_symbol_to_cdecl='sed -n -e '\''s/^. .* \(.*\)$/extern int \1;/p'\'''
lt_cv_sys_max_cmd_len=32768
lt_lt_cv_prog_compiler_c_o='"yes"'
lt_lt_cv_prog_compiler_c_o_CXX='"yes"'
lt_lt_cv_sys_global_symbol_pipe='"sed -n -e '\''s/^.*[ 	]\\([ABCDGIRSTW][ABCDGIRSTW]*\\)[ 	][ 	]*\\(\\)\\([_A-Za-z][_A-Za-z0-9]*\\)\$/\\1 \\2\\3 \\3/p'\''"'
lt_lt_cv_sys_global_symbol_to_c_name_address='"sed -n -e '\''s/^: \\([^ ]*\\) \$/  {\\\"\\1\\\", (lt_ptr) 0},/p'\'' -e '\''s/^[BCDEGRST] \\([^ ]*\\) \\([^ ]*\\)\$/  {\"\\2\", (lt_ptr) \\&\\2},/p'\''"'
lt_lt_cv_sys_global_symbol_to_cdecl='"sed -n -e '\''s/^. .* \\(.*\\)\$/extern int \\1;/p'\''"'

## ----------------- ##
## Output variables. ##
## ----------------- ##

ACLOCAL='${SHELL} /home/chip/alexeictrl/missing --run aclocal-1.7'
AMDEPBACKSLASH='\'
AMDEP_FALSE='#'
AMDEP_TRUE=''
AMTAR='${SHELL} /home/chip/alexeictrl/missing --run tar'
AR='ar'
AUTOCONF='${SHELL} /home/chip/alexeictrl/missing --run autoconf'
AUTOHEADER='${SHELL} /home/chip/alexeictrl/missing --run autoheader'
AUTOMAKE='${SHELL} /home/chip/alexeictrl/missing --run automake-1.7'
AWK='gawk'
CC='gcc'
CCDEPMODE='depmode=gcc3'
CFLAGS='-g -O2'
CPP='gcc -E'
CPPFLAGS=''
CXX='g++'
CXXCPP='g++ -E'
CXXDEPMODE='depmode=gcc3'
CXXFLAGS='-g -O2'
CYGPATH_W='echo'
DEFS='-DHAVE_CONFIG_H'
DEPDIR='.deps'
ECHO='echo'
ECHO_C=''
ECHO_N='-n'
ECHO_T=''
EGREP='grep -E'
EXEEXT=''
F77=''
FFLAGS=''
INSTALL_DATA='${INSTALL} -m 644'
INSTALL_PROGRAM='${INSTALL}'
INSTALL_SCRIPT='${INSTALL}'
INSTALL_STRIP_PROGRAM='${SHELL} $(install_sh) -c -s'
LDFLAGS=''
LIBOBJS=''
LIBS='-lncurses '
LIBTOOL='$(SHELL) $(top_builddir)/libtool'
LN_S='ln -s'
LTLIBOBJS=''
MAKEINFO='${SHELL} /home/chip/alexeictrl/missing --run makeinfo'
OBJEXT='o'
PACKAGE='alexeictrl'
PACKAGE_BUGREPORT='bytex64@yahoo.com'
PACKAGE_NAME='alexeictrl'
PACKAGE_STRING='alexeictrl 0.7.1'
PACKAGE_TARNAME='alexeictrl'
PACKAGE_VERSION='0.7.1'
PATH_SEPARATOR=':'
RANLIB='ranlib'
SET_MAKE=''
SHELL='/bin/sh'
STRIP='strip'
VERSION='0.7.1'
ac_ct_AR='ar'
ac_ct_CC='gcc'
ac_ct_CXX='g++'
ac_ct_F77=''
ac_ct_RANLIB='ranlib'
ac_ct_STRIP='strip'
am__fastdepCC_FALSE='#'
am__fastdepCC_TRUE=''
am__fastdepCXX_FALSE='#'
am__fastdepCXX_TRUE=''
am__include='include'
am__leading_dot='.'
am__quote=''
bindir='${exec_prefix}/bin'
build='i586-pc-linux-gnu'
build_alias=''
build_cpu='i586'
build_os='linux-gnu'
build_vendor='pc'
datadir='${prefix}/share'
exec_prefix='${prefix}'
host='i586-pc-linux-gnu'
host_alias=''
host_cpu='i586'
host_os='linux-gnu'
host_vendor='pc'
includedir='${prefix}/include'
infodir='${prefix}/info'
install_sh='/home/chip/alexeictrl/install-sh'
libdir='${exec_prefix}/lib'
libexecdir='${exec_prefix}/libexec'
localstatedir='${prefix}/var'
mandir='${prefix}/man'
oldincludedir='/usr/include'
prefix='/usr/local'
program_transform_name='s,x,x,'
sbindir='${exec_prefix}/sbin'
sharedstatedir='${prefix}/com'
sysconfdir='${prefix}/etc'
target_alias=''

## ----------- ##
## confdefs.h. ##
## ----------- ##

#define HAVE_DLFCN_H 1
#define HAVE_FCNTL_H 1
#define HAVE_INTTYPES_H 1
#define HAVE_LIBNCURSES 1
#define HAVE_LINUX_JOYSTICK_H 1
#define HAVE_MALLOC 1
#define HAVE_MEMORY_H 1
#define HAVE_NCURSES_H 1
#define HAVE_STDINT_H 1
#define HAVE_STDINT_H 1
#define HAVE_STDLIB_H 1
#define HAVE_STDLIB_H 1
#define HAVE_STDLIB_H 1
#define HAVE_STRINGS_H 1
#define HAVE_STRING_H 1
#define HAVE_STRING_H 1
#define HAVE_SYS_IOCTL_H 1
#define HAVE_SYS_STAT_H 1
#define HAVE_SYS_TIME_H 1
#define HAVE_SYS_TYPES_H 1
#define HAVE_UNISTD_H 1
#define HAVE_UNISTD_H 1
#define PACKAGE "alexeictrl"
#define PACKAGE_BUGREPORT "bytex64@yahoo.com"
#define PACKAGE_NAME "alexeictrl"
#define PACKAGE_STRING "alexeictrl 0.7.1"
#define PACKAGE_TARNAME "alexeictrl"
#define PACKAGE_VERSION "0.7.1"
#define STDC_HEADERS 1
#define STDC_HEADERS 1
#define VERSION "0.7.1"
#endif
#ifdef __cplusplus
extern "C" void std::exit (int) throw (); using std::exit;

configure: exit 0

## ---------------------- ##
## Running config.status. ##
## ---------------------- ##

This file was extended by alexeictrl config.status 0.7.1, which was
generated by GNU Autoconf 2.57.  Invocation command line was

  CONFIG_FILES    = 
  CONFIG_HEADERS  = 
  CONFIG_LINKS    = 
  CONFIG_COMMANDS = 
  $ ./config.status config.h

on tank

config.status:786: creating config.h
config.status:919: config.h is unchanged
